<?xml version="1.0" encoding="UTF-8"?>
<!-- Generated by org.testng.reporters.JUnitReportReporter -->
<testsuite hostname="DESKTOP-BPNON4T" failures="0" tests="1" name="TestRunner.TestRunnerNHS" time="28.014" errors="0" timestamp="06 Oct 2020 14:09:50 GMT" skipped="0">
  <testcase classname="TestRunner.TestRunnerNHS" name="feature" time="28.014"/>
</testsuite> <!-- TestRunner.TestRunnerNHS -->
