<?xml version="1.0" encoding="UTF-8"?>
<!-- Generated by org.testng.reporters.JUnitReportReporter -->
<testsuite skipped="0" hostname="DESKTOP-BPNON4T" name="TestRunner.TestRunnerNHS" tests="1" failures="0" timestamp="04 Oct 2020 10:23:08 GMT" time="30.113" errors="0">
  <testcase name="feature" time="30.113" classname="TestRunner.TestRunnerNHS"/>
</testsuite> <!-- TestRunner.TestRunnerNHS -->
